<?xml version="1.0" encoding="UTF-8"?>
<!-- Generated by org.testng.reporters.JUnitReportReporter -->
<testsuite hostname="priyaranjan" failures="0" tests="1" name="TEST.testngs" time="19.942" errors="0" timestamp="2022-04-18T23:52:00 IST" skipped="0">
  <testcase classname="TEST.testngs" name="testng" time="19.942"/>
  <system-out/>
</testsuite> <!-- TEST.testngs -->
