<?xml version="1.0" encoding="UTF-8"?>
<!-- Generated by org.testng.reporters.JUnitReportReporter -->
<testsuite hostname="priyaranjan" failures="0" tests="1" name="TEST.edittow" time="30.010" errors="0" timestamp="2022-04-19T22:19:58 IST" skipped="0">
  <testcase classname="TEST.edittow" name="createatowandlogout" time="30.010"/>
  <system-out/>
</testsuite> <!-- TEST.edittow -->
