<?xml version="1.0" encoding="UTF-8"?>
<!-- Generated by org.testng.reporters.JUnitReportReporter -->
<testsuite hostname="priyaranjan" failures="0" tests="1" name="TEST.cacandlogout" time="31.437" errors="0" timestamp="2022-04-19T00:08:01 IST" skipped="0">
  <testcase classname="TEST.cacandlogout" name="loginandlogout" time="31.437"/>
  <system-out/>
</testsuite> <!-- TEST.cacandlogout -->
