<?xml version="1.0" encoding="UTF-8"?>
<!-- Generated by org.testng.reporters.JUnitReportReporter -->
<testsuite hostname="priyaranjan" failures="0" tests="1" name="TEST.logintoactandlogout" time="22.796" errors="0" timestamp="2022-04-19T21:36:07 IST" skipped="0">
  <testcase classname="TEST.logintoactandlogout" name="loginandlogout" time="22.796"/>
  <system-out/>
</testsuite> <!-- TEST.logintoactandlogout -->
