<?xml version="1.0" encoding="UTF-8"?>
<!-- Generated by org.testng.reporters.JUnitReportReporter -->
<testsuite hostname="priyaranjan" failures="0" tests="2" name="testngmultimethods.logincreateacustomer" time="22.060" errors="0" timestamp="2022-04-23T23:01:55 IST" skipped="0">
  <testcase classname="testngmultimethods.logincreateacustomer" name="b" time="8.896"/>
  <system-out/>
  <testcase classname="testngmultimethods.logincreateacustomer" name="a" time="13.164"/>
  <system-out/>
</testsuite> <!-- testngmultimethods.logincreateacustomer -->
