<?xml version="1.0" encoding="UTF-8"?>
<!-- Generated by org.testng.reporters.JUnitReportReporter -->
<testsuite hostname="priyaranjan" failures="0" tests="2" name="testng.testng" time="62.504" errors="0" timestamp="2022-04-21T22:57:41 IST" skipped="0">
  <testcase classname="testng.testng" name="login" time="25.949"/>
  <system-out/>
  <testcase classname="testng.testng" name="createacustomer" time="36.555"/>
  <system-out/>
</testsuite> <!-- testng.testng -->
