<?xml version="1.0" encoding="UTF-8"?>
<!-- Generated by org.testng.reporters.JUnitReportReporter -->
<testsuite hostname="priyaranjan" failures="0" tests="3" name="testngmultimethods.logincwdwinvocationC5" time="35.304" errors="0" timestamp="2022-04-24T00:01:11 IST" skipped="0">
  <testcase classname="testngmultimethods.logincwdwinvocationC5" name="login" time="23.299"/>
  <system-out/>
  <testcase classname="testngmultimethods.logincwdwinvocationC5" name="creatework" time="11.899"/>
  <system-out/>
  <testcase classname="testngmultimethods.logincwdwinvocationC5" name="errormessage" time="0.106"/>
  <system-out/>
</testsuite> <!-- testngmultimethods.logincwdwinvocationC5 -->
