<?xml version="1.0" encoding="UTF-8"?>
<!-- Generated by org.testng.reporters.JUnitReportReporter -->
<testsuite hostname="priyaranjan" failures="0" tests="1" name="TEST.createtowandlogout" time="26.626" errors="0" timestamp="2022-04-19T22:01:56 IST" skipped="0">
  <testcase classname="TEST.createtowandlogout" name="createatowandlogout" time="26.626"/>
  <system-out/>
</testsuite> <!-- TEST.createtowandlogout -->
