<?xml version="1.0" encoding="UTF-8"?>
<!-- Generated by org.testng.reporters.JUnitReportReporter -->
<testsuite hostname="priyaranjan" failures="0" tests="1" name="TEST.logincltlogout" time="24.874" errors="0" timestamp="2022-04-19T22:44:59 IST" skipped="0">
  <testcase classname="TEST.logincltlogout" name="loginandlogout" time="24.874"/>
  <system-out/>
</testsuite> <!-- TEST.logincltlogout -->
